<?xml version="1.0" encoding="UTF-8"?>
<coverage generated="1662108033776" clover="3.2.0">
  <project timestamp="1662108033776" name="All files">
    <metrics statements="4" coveredstatements="4" conditionals="12" coveredconditionals="12" methods="1" coveredmethods="1" elements="17" coveredelements="17" complexity="0" loc="4" ncloc="4" packages="1" files="1" classes="1"/>
    <file name="index.js" path="/Users/pavelpyhtin/ajs-clean-functions/src/index.js">
      <metrics statements="4" coveredstatements="4" conditionals="12" coveredconditionals="12" methods="1" coveredmethods="1"/>
      <line num="2" count="9" type="cond" truecount="4" falsecount="0"/>
      <line num="3" count="8" type="cond" truecount="4" falsecount="0"/>
      <line num="4" count="7" type="cond" truecount="4" falsecount="0"/>
      <line num="5" count="4" type="stmt"/>
    </file>
  </project>
</coverage>
